PFM Shell Version: 4.0.0
Profile Version: 4240606
Host Name: 51HMC43
PowerShell Version: 7.4.2
AD Command Status: [New-ADGroup:Good][Get-ADGroup:Good]
Executed By: hkan739291
Office: Hongkong(HKKWN200)
Team: MEP4
Date/Time: 2024/07/05 14:48:19
Project No.: 2523533A
Project Name: HKIA Intermax Popup Store Fire L
Description: RITM0862810
Tasks(Success:29 ; Fail:2): 
[Fail]  - Create AD group: <AD Group>: GRP-FSU-HKKWN200-MEP4-2523533A-Technical
[Success]  - Create folder: <Folder path>:\\hkkwn200dat17\MEP4\Projects\2523533A-HKIA Intermax Popup Store Fire L
[Success]  - Create folder: <Folder path>:\\hkkwn200dat17\MEP4\Projects\2523533A-HKIA Intermax Popup Store Fire L\1_In
[Success]  - Create folder: <Folder path>:\\hkkwn200dat17\MEP4\Projects\2523533A-HKIA Intermax Popup Store Fire L\2_Out
[Success]  - Create folder: <Folder path>:\\hkkwn200dat17\MEP4\Projects\2523533A-HKIA Intermax Popup Store Fire L\3_Contract
[Success]  - Create folder: <Folder path>:\\hkkwn200dat17\MEP4\Projects\2523533A-HKIA Intermax Popup Store Fire L\4_O-Chart
[Success]  - Create folder: <Folder path>:\\hkkwn200dat17\MEP4\Projects\2523533A-HKIA Intermax Popup Store Fire L\5_Design Scope
[Success]  - Create folder: <Folder path>:\\hkkwn200dat17\MEP4\Projects\2523533A-HKIA Intermax Popup Store Fire L\6_Programme
[Success]  - Create folder: <Folder path>:\\hkkwn200dat17\MEP4\Projects\2523533A-HKIA Intermax Popup Store Fire L\7_Presentation
[Success]  - Create folder: <Folder path>:\\hkkwn200dat17\MEP4\Projects\2523533A-HKIA Intermax Popup Store Fire L\8_Meeting Minutes
[Success]  - Create folder: <Folder path>:\\hkkwn200dat17\MEP4\Projects\2523533A-HKIA Intermax Popup Store Fire L\9_Tender Drawings and Document
[Success]  - Create folder: <Folder path>:\\hkkwn200dat17\MEP4\Projects\2523533A-HKIA Intermax Popup Store Fire L\10_Other
[Success]  - Create folder: <Folder path>:\\hkkwn200dat17\MEP4\Projects\2523533A-HKIA Intermax Popup Store Fire L\11_Workspace
[Success]  - Remove folder permission: <Folder>: \\hkkwn200dat17\MEP4\Projects\2523533A-HKIA Intermax Popup Store Fire L; <Identity>: GRP-FSS-HKKWN200-MEP4-M
[Success]  - Remove folder permission: <Folder>: \\hkkwn200dat17\MEP4\Projects\2523533A-HKIA Intermax Popup Store Fire L; <Identity>: tin.cecilia
[Fail]  - Grant folder permission: <Folder>: \\hkkwn200dat17\MEP4\Projects\2523533A-HKIA Intermax Popup Store Fire L; <Identity>: GRP-FSU-HKKWN200-MEP4-2523533A-Technical; <Permission>: Modify; <Inheritance>: ThisAndSubFoldersAndFiles; <Type>: Allow
[Success]  - Grant folder permission: <Folder>: \\hkkwn200dat17\MEP4\Projects\2523533A-HKIA Intermax Popup Store Fire L; <Identity>: GRP-FSS-HKKWN200-MEP4-Head; <Permission>: ReadAndExecute; <Inheritance>: ThisAndSubFoldersAndFiles; <Type>: Allow
[Success]  - Grant folder permission: <Folder>: \\hkkwn200dat17\MEP4\Projects\2523533A-HKIA Intermax Popup Store Fire L; <Identity>: GRP-FSS-HKKWN200-MEP4-Head; <Permission>: Write; <Inheritance>: ThisAndSubFoldersAndFiles; <Type>: Allow
[Success]  - Grant folder permission: <Folder>: \\hkkwn200dat17\MEP4\Projects\2523533A-HKIA Intermax Popup Store Fire L; <Identity>: GRP-FSS-HKKWN200-MEP4; <Permission>: ListDirectory; <Inheritance>: ThisFolderOnly; <Type>: Allow
[Success]  - Set Folder Owner: <Folder>: \\hkkwn200dat17\MEP4\Projects\2523533A-HKIA Intermax Popup Store Fire L; <Owner>: BUILTIN\Administrators
[Success]  - Set Folder Owner: <Folder>: \\hkkwn200dat17\MEP4\Projects\2523533A-HKIA Intermax Popup Store Fire L\1_In; <Owner>: BUILTIN\Administrators
[Success]  - Set Folder Owner: <Folder>: \\hkkwn200dat17\MEP4\Projects\2523533A-HKIA Intermax Popup Store Fire L\2_Out; <Owner>: BUILTIN\Administrators
[Success]  - Set Folder Owner: <Folder>: \\hkkwn200dat17\MEP4\Projects\2523533A-HKIA Intermax Popup Store Fire L\3_Contract; <Owner>: BUILTIN\Administrators
[Success]  - Set Folder Owner: <Folder>: \\hkkwn200dat17\MEP4\Projects\2523533A-HKIA Intermax Popup Store Fire L\4_O-Chart; <Owner>: BUILTIN\Administrators
[Success]  - Set Folder Owner: <Folder>: \\hkkwn200dat17\MEP4\Projects\2523533A-HKIA Intermax Popup Store Fire L\5_Design Scope; <Owner>: BUILTIN\Administrators
[Success]  - Set Folder Owner: <Folder>: \\hkkwn200dat17\MEP4\Projects\2523533A-HKIA Intermax Popup Store Fire L\6_Programme; <Owner>: BUILTIN\Administrators
[Success]  - Set Folder Owner: <Folder>: \\hkkwn200dat17\MEP4\Projects\2523533A-HKIA Intermax Popup Store Fire L\7_Presentation; <Owner>: BUILTIN\Administrators
[Success]  - Set Folder Owner: <Folder>: \\hkkwn200dat17\MEP4\Projects\2523533A-HKIA Intermax Popup Store Fire L\8_Meeting Minutes; <Owner>: BUILTIN\Administrators
[Success]  - Set Folder Owner: <Folder>: \\hkkwn200dat17\MEP4\Projects\2523533A-HKIA Intermax Popup Store Fire L\9_Tender Drawings and Document; <Owner>: BUILTIN\Administrators
[Success]  - Set Folder Owner: <Folder>: \\hkkwn200dat17\MEP4\Projects\2523533A-HKIA Intermax Popup Store Fire L\10_Other; <Owner>: BUILTIN\Administrators
[Success]  - Set Folder Owner: <Folder>: \\hkkwn200dat17\MEP4\Projects\2523533A-HKIA Intermax Popup Store Fire L\11_Workspace; <Owner>: BUILTIN\Administrators
*********Report End*********
